<?xml version="1.0" encoding="UTF-8"?>
<!-- Generated by org.testng.reporters.JUnitReportReporter -->
<testsuite hostname="LAPTOP-ICUMAH5U" failures="0" tests="2" name="Company1.Tests.ErrorValidation" time="37.026" errors="0" timestamp="2024-07-24T10:51:22 IST" skipped="0">
  <testcase classname="Company1.Tests.ErrorValidation" name="ValidateMobileErrorMsg" time="15.855"/>
  <system-out/>
  <testcase classname="Company1.Tests.ErrorValidation" name="ValidateEmailErrorMsg" time="21.171"/>
  <system-out/>
</testsuite> <!-- Company1.Tests.ErrorValidation -->
