<?xml version="1.0" encoding="UTF-8"?>
<!-- Generated by org.testng.reporters.JUnitReportReporter -->
<testsuite hostname="LAPTOP-ICUMAH5U" failures="0" tests="2" name="Company1.Tests.ErrorValidationTest" time="66.404" errors="0" timestamp="2024-07-31T11:18:35 IST" skipped="0">
  <testcase classname="Company1.Tests.ErrorValidationTest" name="ValidateMobileErrorMsg" time="33.349"/>
  <testcase classname="Company1.Tests.ErrorValidationTest" name="ValidateEmailErrorMsg" time="33.055"/>
</testsuite> <!-- Company1.Tests.ErrorValidationTest -->
