<?xml version="1.0" encoding="UTF-8"?>
<!-- Generated by org.testng.reporters.JUnitReportReporter -->
<testsuite hostname="LAPTOP-ICUMAH5U" failures="0" tests="4" name="Company1.Tests.SubmitOrderTest" time="216.139" errors="0" timestamp="2024-07-31T11:18:35 IST" skipped="2">
  <testcase classname="Company1.Tests.SubmitOrderTest" name="submitOrder" time="61.521"/>
  <testcase classname="Company1.Tests.SubmitOrderTest" name="submitOrder" time="60.706"/>
  <testcase classname="Company1.Tests.SubmitOrderTest" name="submitOrder" time="39.755">
    <skipped/>
  </testcase> <!-- submitOrder -->
  <testcase classname="Company1.Tests.SubmitOrderTest" name="submitOrder" time="54.157">
    <skipped/>
  </testcase> <!-- submitOrder -->
</testsuite> <!-- Company1.Tests.SubmitOrderTest -->
