<?xml version="1.0" encoding="UTF-8"?>
<!-- Generated by org.testng.reporters.JUnitReportReporter -->
<testsuite hostname="LAPTOP-ICUMAH5U" failures="0" tests="2" name="Company1.Tests.ErrorValidationTest" time="58.617" errors="0" timestamp="2024-07-31T17:10:14 IST" skipped="0">
  <testcase classname="Company1.Tests.ErrorValidationTest" name="ValidateEmailErrorMsg" time="13.869"/>
  <testcase classname="Company1.Tests.ErrorValidationTest" name="ValidateMobileErrorMsg" time="44.748"/>
</testsuite> <!-- Company1.Tests.ErrorValidationTest -->
